<?xml version="1.0" encoding="UTF-8"?>
<!-- Generated by org.testng.reporters.JUnitXMLReporter -->
<testsuite ignored="0" hostname="INMAA3BCAPL0954" failures="0" tests="4" name="Test" time="0.092" errors="0" timestamp="2025-10-14T22:18:45 IST">
  <testcase classname="Demo.DogTest" name="makeSound" time="0.014"/>
  <testcase classname="Demo.DogTest" name="makeSound" time="0.014"/>
  <testcase classname="Demo.DogTest" name="makeSound" time="0.014"/>
  <testcase classname="Demo.DogTest" name="makeSound" time="0.015"/>
</testsuite> <!-- Test -->
