<?xml version="1.0" encoding="UTF-8"?>
<testng-results ignored="0" total="2" passed="2" failed="0" skipped="0">
  <reporter-output>
  </reporter-output>
  <suite started-at="2026-05-11T17:09:29 IST" name="Suite" finished-at="2026-05-11T17:10:04 IST" duration-ms="34780">
    <groups>
    </groups>
    <test started-at="2026-05-11T17:09:29 IST" name="Test" finished-at="2026-05-11T17:10:04 IST" duration-ms="34780">
      <class name="com.test.Launchgoogle">
        <test-method signature="openGoogle()[pri:0, instance:com.test.Launchgoogle@5c30a9b0]" started-at="2026-05-11T17:09:56 IST" name="openGoogle" finished-at="2026-05-11T17:10:04 IST" duration-ms="7906" status="PASS">
          <reporter-output>
          </reporter-output>
        </test-method> <!-- openGoogle -->
      </class> <!-- com.test.Launchgoogle -->
      <class name="com.test.LaunchBrowserTest">
        <test-method signature="openBrowser()[pri:0, instance:com.test.LaunchBrowserTest@48ae9b55]" started-at="2026-05-11T17:09:29 IST" name="openBrowser" finished-at="2026-05-11T17:09:56 IST" duration-ms="26631" status="PASS">
          <reporter-output>
          </reporter-output>
        </test-method> <!-- openBrowser -->
      </class> <!-- com.test.LaunchBrowserTest -->
    </test> <!-- Test -->
  </suite> <!-- Suite -->
</testng-results>
