<?xml version="1.0" encoding="UTF-8"?>
<testng-results ignored="0" total="1" passed="1" failed="0" skipped="0">
  <reporter-output>
  </reporter-output>
  <suite started-at="2026-02-06T11:39:25 IST" name="Default suite" finished-at="2026-02-06T11:40:13 IST" duration-ms="48123">
    <groups>
    </groups>
    <test started-at="2026-02-06T11:39:25 IST" name="Default test" finished-at="2026-02-06T11:40:13 IST" duration-ms="48123">
      <class name="com.test.LaunchBrowserTest">
        <test-method signature="openBrowser()[pri:0, instance:com.test.LaunchBrowserTest@776aec5c]" started-at="2026-02-06T11:39:25 IST" name="openBrowser" finished-at="2026-02-06T11:40:13 IST" duration-ms="48042" status="PASS">
          <reporter-output>
          </reporter-output>
        </test-method> <!-- openBrowser -->
      </class> <!-- com.test.LaunchBrowserTest -->
    </test> <!-- Default test -->
  </suite> <!-- Default suite -->
</testng-results>
