<?xml version="1.0" encoding="UTF-8"?>
<!-- Generated by org.testng.reporters.JUnitReportReporter -->
<testsuite hostname="INMAA3BCAPL0954" failures="0" tests="8" name="Demo.ProgramsOnStrings" time="0.008" errors="0" timestamp="2025-08-07T16:34:34 IST" skipped="7">
  <testcase classname="Demo.ProgramsOnStrings" name="getSecondLargest" time="0.008"/>
  <testcase classname="Demo.ProgramsOnStrings" name="changeThecase">
    <skipped/>
  </testcase> <!-- changeThecase -->
  <testcase classname="Demo.ProgramsOnStrings" name="getSubstring">
    <skipped/>
  </testcase> <!-- getSubstring -->
  <testcase classname="Demo.ProgramsOnStrings" name="getVowelsCOunt">
    <skipped/>
  </testcase> <!-- getVowelsCOunt -->
  <testcase classname="Demo.ProgramsOnStrings" name="getReverseString">
    <skipped/>
  </testcase> <!-- getReverseString -->
  <testcase classname="Demo.ProgramsOnStrings" name="checkDuplicates">
    <skipped/>
  </testcase> <!-- checkDuplicates -->
  <testcase classname="Demo.ProgramsOnStrings" name="stringPrograms">
    <skipped/>
  </testcase> <!-- stringPrograms -->
  <testcase classname="Demo.ProgramsOnStrings" name="getDuplicateWord">
    <skipped/>
  </testcase> <!-- getDuplicateWord -->
</testsuite> <!-- Demo.ProgramsOnStrings -->
