<?xml version="1.0" encoding="UTF-8"?>
<!-- Generated by org.testng.reporters.JUnitReportReporter -->
<testsuite hostname="INMAA3BCAPL0954" failures="0" tests="3" name="Altifi_API.SeleniumPratice.TestData" time="0.014" errors="0" timestamp="2025-02-13T14:16:19 IST" skipped="0">
  <testcase classname="Altifi_API.SeleniumPratice.TestData" name="setData" time="0.010"/>
  <testcase classname="Altifi_API.SeleniumPratice.TestData" name="setData" time="0.002"/>
  <testcase classname="Altifi_API.SeleniumPratice.TestData" name="setData" time="0.002"/>
</testsuite> <!-- Altifi_API.SeleniumPratice.TestData -->
